<?xml version="1.0" ?>
<testsuite name="TestHello-20220516053824" tests="5" time="0.014" failures="0" errors="1">
	<testcase classname="TestHello" name="test_hello" time="0.010"/>
	<testcase classname="TestHello" name="test_hello_hello" time="0.001"/>
	<testcase classname="TestHello" name="test_hello_name" time="0.001"/>
	<testcase classname="TestHello" name="test_new_feature" time="0.000"/>
	<testcase classname="TestHello" name="test_new_page" time="0.002">
		<error type="AssertionError" message="b'new page!' != b'new page!\n'"><![CDATA[Traceback (most recent call last):
  File "./test.py", line 35, in test_new_page
    self.assertEqual(rv.data, b'new page!\n')
AssertionError: b'new page!' != b'new page!\n'
]]></error>
	</testcase>
	<system-out><![CDATA[]]></system-out>
	<system-err><![CDATA[]]></system-err>
</testsuite>
