<?xml version="1.0" ?>
<testsuite name="TestHello-20220516053834" tests="5" time="0.013" failures="0" errors="0">
	<testcase classname="TestHello" name="test_hello" time="0.010"/>
	<testcase classname="TestHello" name="test_hello_hello" time="0.001"/>
	<testcase classname="TestHello" name="test_hello_name" time="0.001"/>
	<testcase classname="TestHello" name="test_new_feature" time="0.001"/>
	<testcase classname="TestHello" name="test_new_page" time="0.001"/>
	<system-out><![CDATA[]]></system-out>
	<system-err><![CDATA[]]></system-err>
</testsuite>
